{
  "RSpec": {
    "coverage": {
      "/home/ubuntu/workspace/spec/test_load_all.rb": [
        null,
        null,
        null,
        1,
        null,
        null,
        1,
        null,
        1,
        null,
        1,
        39,
        null
      ],
      "/home/ubuntu/workspace/init.rb": [
        null,
        null,
        null,
        null,
        1,
        1,
        3,
        null
      ],
      "/home/ubuntu/workspace/application/init.rb": [
        1,
        1,
        1,
        1
      ],
      "/home/ubuntu/workspace/application/services/init.rb": [
        1,
        6,
        null
      ],
      "/home/ubuntu/workspace/application/services/find_database_topic.rb": [
        1,
        null,
        1,
        null,
        null,
        null,
        null,
        1,
        1,
        null,
        1,
        2,
        2,
        1,
        null,
        1,
        null,
        null,
        null,
        1,
        0,
        0,
        0,
        0,
        0,
        0,
        0,
        null,
        0,
        null,
        null,
        null,
        null
      ],
      "/home/ubuntu/workspace/application/services/find_database_summary.rb": [
        1,
        null,
        1,
        null,
        1,
        1,
        null,
        1,
        0,
        0,
        0,
        null,
        0,
        null,
        null,
        null,
        null
      ],
      "/home/ubuntu/workspace/application/services/load_from_wiki.rb": [
        1,
        1,
        null,
        1,
        null,
        1,
        1,
        null,
        1,
        1,
        1,
        null,
        1,
        29,
        10,
        9,
        null,
        1,
        null,
        null,
        null,
        1,
        9,
        1,
        null,
        8,
        null,
        null,
        null,
        1,
        8,
        8,
        null,
        8,
        null,
        0,
        0,
        null,
        null,
        1,
        null,
        1,
        10,
        9,
        9,
        null,
        null,
        1,
        9,
        9,
        9,
        9,
        null,
        null,
        1,
        8,
        8,
        8,
        null,
        null,
        null,
        null
      ],
      "/home/ubuntu/workspace/application/services/find_database_article.rb": [
        1,
        null,
        1,
        null,
        null,
        null,
        null,
        1,
        1,
        null,
        null,
        1,
        4,
        null,
        4,
        2,
        null,
        2,
        null,
        null,
        null,
        1,
        0,
        null,
        0,
        0,
        null,
        0,
        null,
        null,
        null,
        null,
        null,
        null
      ],
      "/home/ubuntu/workspace/application/services/find_database_paragraph.rb": [
        1,
        null,
        1,
        null,
        null,
        null,
        null,
        1,
        1,
        null,
        1,
        0,
        0,
        0,
        null,
        0,
        null,
        null,
        null,
        null
      ],
      "/home/ubuntu/workspace/application/representers/init.rb": [
        1,
        1,
        null,
        1,
        9,
        null
      ],
      "/home/ubuntu/workspace/application/representers/topics_representer.rb": [
        null,
        1,
        null,
        1,
        1,
        1,
        null,
        1,
        null,
        null
      ],
      "/home/ubuntu/workspace/application/representers/topic_representer.rb": [
        null,
        1,
        1,
        1,
        null,
        1,
        null,
        null
      ],
      "/home/ubuntu/workspace/application/representers/paragraph_representer.rb": [
        null,
        1,
        1,
        1,
        null,
        1,
        1,
        null,
        null
      ],
      "/home/ubuntu/workspace/application/representers/article_representer.rb": [
        null,
        1,
        1,
        1,
        null,
        1,
        1,
        1,
        null,
        1,
        1,
        1,
        null,
        null
      ],
      "/home/ubuntu/workspace/application/representers/catalog_representer.rb": [
        null,
        1,
        1,
        1,
        null,
        1,
        null,
        null
      ],
      "/home/ubuntu/workspace/application/representers/paragraphs_representer.rb": [
        null,
        1,
        null,
        1,
        1,
        1,
        null,
        1,
        null,
        null
      ],
      "/home/ubuntu/workspace/application/representers/http_response_representer.rb": [
        1,
        null,
        1,
        1,
        null,
        1,
        1,
        null,
        1,
        null,
        null,
        null,
        null,
        null,
        null,
        null,
        null,
        null,
        null,
        1,
        5,
        null,
        null,
        1,
        21,
        null,
        null,
        1,
        null,
        1,
        5,
        null,
        null,
        1,
        5,
        null,
        null,
        1,
        5,
        null,
        null,
        null
      ],
      "/home/ubuntu/workspace/application/representers/catalogs_representer.rb": [
        null,
        1,
        null,
        1,
        1,
        1,
        null,
        1,
        null,
        null
      ],
      "/home/ubuntu/workspace/application/controllers/init.rb": [
        1
      ],
      "/home/ubuntu/workspace/application/controllers/app.rb": [
        1,
        null,
        1,
        null,
        1,
        1,
        1,
        1,
        1,
        null,
        1,
        1,
        1,
        1,
        null,
        1,
        16,
        null,
        16,
        0,
        null,
        null,
        16,
        null,
        16,
        null,
        16,
        null,
        null,
        null,
        null,
        null
      ],
      "/home/ubuntu/workspace/application/controllers/topics.rb": [
        1,
        null,
        1,
        null,
        1,
        2,
        2,
        2,
        2,
        2,
        1,
        null,
        1,
        null,
        null,
        null,
        null,
        null
      ],
      "/home/ubuntu/workspace/application/controllers/topic.rb": [
        1,
        null,
        1,
        null,
        1,
        12,
        12,
        2,
        2,
        2,
        2,
        2,
        1,
        null,
        1,
        null,
        null,
        null,
        10,
        10,
        null,
        null,
        null,
        null,
        10,
        10,
        10,
        10,
        8,
        8,
        null,
        2,
        null,
        null,
        null,
        null,
        null,
        null
      ],
      "/home/ubuntu/workspace/application/controllers/paragraphs.rb": [
        1,
        null,
        1,
        null,
        1,
        null,
        2,
        2,
        2,
        2,
        2,
        2,
        2,
        1,
        null,
        1,
        null,
        null,
        null,
        null,
        null,
        null
      ],
      "/home/ubuntu/workspace/application/controllers/summaries.rb": [
        1,
        null,
        1,
        null,
        1,
        null,
        0,
        0,
        0,
        0,
        0,
        0,
        0,
        0,
        null,
        0,
        null,
        null,
        null,
        null,
        null,
        null
      ],
      "/home/ubuntu/workspace/config/environment.rb": [
        1,
        1,
        null,
        1,
        null,
        1,
        1,
        null,
        1,
        1,
        1,
        null,
        1,
        0,
        0,
        null,
        null,
        null,
        1,
        1,
        null,
        null,
        1,
        null,
        null,
        null,
        1,
        1,
        1,
        null,
        1,
        35,
        null,
        null,
        null,
        null,
        null,
        null
      ],
      "/home/ubuntu/workspace/infrastructure/init.rb": [
        1,
        1
      ],
      "/home/ubuntu/workspace/infrastructure/database/init.rb": [
        1
      ],
      "/home/ubuntu/workspace/infrastructure/database/orm/init.rb": [
        1,
        null,
        1,
        3,
        null
      ],
      "/home/ubuntu/workspace/infrastructure/database/orm/topic_orm.rb": [
        1,
        1,
        null,
        1,
        1,
        null,
        null,
        1,
        null,
        null,
        null,
        1,
        null,
        null,
        null
      ],
      "/home/ubuntu/workspace/infrastructure/database/orm/paragraph_orm.rb": [
        1,
        1,
        null,
        1,
        1,
        null,
        1,
        null,
        null,
        1,
        null,
        null,
        null
      ],
      "/home/ubuntu/workspace/infrastructure/database/orm/catalog_orm.rb": [
        1,
        1,
        null,
        1,
        1,
        null,
        null,
        null,
        1,
        null,
        null,
        null
      ],
      "/home/ubuntu/workspace/infrastructure/wikipedia/init.rb": [
        1
      ],
      "/home/ubuntu/workspace/infrastructure/wikipedia/wiki_api.rb": [
        1,
        null,
        1,
        null,
        1,
        null,
        1,
        1,
        1,
        1,
        1,
        null,
        null,
        1,
        1,
        null,
        null,
        null,
        null,
        null,
        1,
        16,
        null,
        null,
        1,
        20,
        18,
        14,
        14,
        14,
        14,
        12,
        12,
        null,
        14,
        12,
        null,
        null,
        1,
        16,
        null,
        null,
        1,
        16,
        null,
        null,
        null,
        1,
        16,
        16,
        null,
        null,
        1,
        16,
        null,
        null,
        1,
        16,
        null,
        null,
        null,
        16,
        null,
        null,
        null,
        null
      ],
      "/home/ubuntu/workspace/domain/init.rb": [
        null,
        1,
        1,
        4,
        null
      ],
      "/home/ubuntu/workspace/domain/entities/init.rb": [
        1,
        null,
        1,
        1,
        null,
        1,
        1,
        null,
        null,
        null,
        null,
        1,
        6,
        null
      ],
      "/home/ubuntu/workspace/domain/entities/topic.rb": [
        1,
        null,
        1,
        1,
        null,
        1,
        1,
        1,
        null,
        null,
        null
      ],
      "/home/ubuntu/workspace/domain/entities/summarize.rb": [
        1,
        1,
        null,
        1,
        null,
        1,
        null,
        1,
        null,
        1,
        0,
        null,
        null,
        1,
        0,
        0,
        null,
        null,
        1,
        1,
        0,
        0,
        0,
        null,
        0,
        null,
        1,
        0,
        0,
        null,
        null,
        null,
        null,
        null
      ],
      "/home/ubuntu/workspace/domain/entities/catalog.rb": [
        1,
        null,
        1,
        1,
        null,
        1,
        1,
        1,
        null,
        null,
        null
      ],
      "/home/ubuntu/workspace/domain/entities/paragraph.rb": [
        1,
        null,
        1,
        1,
        null,
        1,
        1,
        1,
        1,
        null,
        null,
        null
      ],
      "/home/ubuntu/workspace/domain/entities/article.rb": [
        1,
        1,
        1,
        1,
        null,
        1,
        1,
        null,
        1,
        1,
        1,
        1,
        null,
        null,
        null
      ],
      "/home/ubuntu/workspace/domain/database_repositories/init.rb": [
        1,
        6,
        null
      ],
      "/home/ubuntu/workspace/domain/database_repositories/topic.rb": [
        1,
        null,
        1,
        null,
        1,
        null,
        1,
        3,
        null,
        null,
        1,
        9,
        9,
        null,
        null,
        1,
        8,
        null,
        null,
        8,
        null,
        null,
        1,
        28,
        null,
        20,
        null,
        null,
        null,
        null,
        null,
        null,
        null
      ],
      "/home/ubuntu/workspace/domain/database_repositories/catalog.rb": [
        1,
        null,
        1,
        null,
        1,
        null,
        null,
        1,
        0,
        null,
        null,
        1,
        0,
        0,
        0,
        0,
        null,
        null,
        null,
        1,
        8,
        null,
        8,
        112,
        112,
        112,
        null,
        null,
        120,
        null,
        null,
        1,
        266,
        null,
        266,
        null,
        null,
        null,
        null,
        null,
        null,
        null,
        null
      ],
      "/home/ubuntu/workspace/domain/database_repositories/paragraph.rb": [
        1,
        null,
        1,
        null,
        1,
        null,
        1,
        null,
        1,
        0,
        0,
        0,
        0,
        0,
        0,
        0,
        null,
        0,
        null,
        null,
        1,
        0,
        null,
        null,
        1,
        0,
        0,
        null,
        null,
        1,
        0,
        0,
        0,
        null,
        null,
        1,
        8,
        8,
        null,
        8,
        1384,
        1384,
        1384,
        1384,
        1384,
        null,
        null,
        1392,
        null,
        null,
        null,
        1,
        1424,
        1424,
        1424,
        null,
        null,
        null,
        null,
        null,
        0,
        null,
        null,
        null,
        null,
        null,
        null,
        null,
        null,
        null,
        null,
        null
      ],
      "/home/ubuntu/workspace/domain/database_repositories/for.rb": [
        1,
        1,
        null,
        null,
        null,
        null,
        null,
        null
      ],
      "/home/ubuntu/workspace/domain/database_repositories/article.rb": [
        1,
        1,
        null,
        1,
        null,
        1,
        12,
        12,
        null,
        11,
        null,
        null,
        1,
        0,
        0,
        null,
        0,
        null,
        null,
        1,
        11,
        11,
        11,
        154,
        null,
        11,
        154,
        null,
        11,
        1740,
        10,
        10,
        40,
        null,
        null,
        0,
        null,
        null,
        10,
        null,
        null,
        null,
        null,
        null,
        null,
        null,
        null
      ],
      "/home/ubuntu/workspace/domain/values/init.rb": [
        1,
        6,
        null
      ],
      "/home/ubuntu/workspace/domain/values/topics.rb": [
        1
      ],
      "/home/ubuntu/workspace/domain/values/paragraphs.rb": [
        1
      ],
      "/home/ubuntu/workspace/domain/values/catalogs.rb": [
        1
      ],
      "/home/ubuntu/workspace/domain/values/value.rb": [
        1,
        1,
        null
      ],
      "/home/ubuntu/workspace/domain/values/article.rb": [
        1
      ],
      "/home/ubuntu/workspace/domain/wikipedia_mappers/init.rb": [
        1,
        null,
        1,
        4,
        null
      ],
      "/home/ubuntu/workspace/domain/wikipedia_mappers/catalog_mapper.rb": [
        1,
        null,
        1,
        null,
        1,
        null,
        1,
        10,
        null,
        null,
        1,
        1,
        1,
        1,
        1,
        null,
        null,
        1,
        10,
        null,
        null,
        1,
        null,
        1,
        11,
        null,
        null,
        1,
        11,
        11,
        11,
        null,
        null,
        null,
        null,
        null,
        11,
        154,
        143,
        null,
        null,
        null,
        143,
        null,
        11,
        null,
        null,
        1,
        1,
        11,
        11,
        11,
        null,
        null,
        null,
        null,
        null,
        null
      ],
      "/home/ubuntu/workspace/domain/wikipedia_mappers/topic_mapper.rb": [
        1,
        null,
        1,
        null,
        1,
        null,
        1,
        13,
        null,
        null,
        1,
        4,
        1,
        1,
        1,
        null,
        null,
        1,
        10,
        null,
        null,
        1,
        null,
        1,
        11,
        null,
        null,
        1,
        null,
        11,
        null,
        null,
        null,
        null,
        null,
        null,
        null,
        null,
        null
      ],
      "/home/ubuntu/workspace/domain/wikipedia_mappers/paragraph_mapper.rb": [
        1,
        null,
        1,
        null,
        1,
        null,
        1,
        10,
        null,
        null,
        1,
        1,
        1,
        1,
        1,
        null,
        null,
        1,
        10,
        null,
        null,
        1,
        null,
        1,
        11,
        null,
        null,
        1,
        11,
        11,
        11,
        154,
        1903,
        null,
        null,
        null,
        null,
        1903,
        null,
        null,
        11,
        null,
        null,
        1,
        1,
        11,
        11,
        11,
        null,
        null,
        1,
        11,
        11,
        11,
        11,
        154,
        143,
        null,
        11,
        null,
        null,
        1,
        11,
        11,
        11,
        11,
        11,
        4169,
        4158,
        1903,
        2255,
        143,
        null,
        null,
        11,
        null,
        null,
        null,
        null,
        null,
        null
      ],
      "/home/ubuntu/workspace/spec/wiki_spec.rb": [
        1,
        null,
        1,
        1,
        1,
        1,
        1,
        1,
        1,
        null,
        1,
        3,
        null,
        null,
        1,
        3,
        null,
        null,
        1,
        1,
        1,
        1,
        1,
        1,
        1,
        1,
        1,
        1,
        null,
        null,
        null,
        1,
        1,
        1,
        1,
        1,
        null,
        1,
        1,
        null,
        null,
        null,
        1,
        1,
        1,
        1,
        1,
        null,
        1,
        1,
        1,
        null,
        1,
        1,
        1,
        null,
        null,
        null,
        null,
        null,
        null
      ]
    },
    "timestamp": 1512197297
  }
}
