{
  "RSpec": {
    "coverage": {
      "/home/ubuntu/workspace/spec/test_load_all.rb": [
        null,
        null,
        null,
        1,
        null,
        null,
        1,
        null,
        1,
        null,
        1,
        12,
        null
      ],
      "/home/ubuntu/workspace/init.rb": [
        null,
        null,
        null,
        null,
        1,
        1,
        3,
        null
      ],
      "/home/ubuntu/workspace/application/init.rb": [
        1,
        1,
        1,
        1
      ],
      "/home/ubuntu/workspace/application/services/init.rb": [
        1,
        4,
        null
      ],
      "/home/ubuntu/workspace/application/services/find_database_topic.rb": [
        1,
        null,
        1,
        null,
        null,
        null,
        null,
        1,
        1,
        null,
        1,
        0,
        0,
        0,
        0,
        0,
        0,
        0,
        null,
        0,
        null,
        null,
        null,
        null
      ],
      "/home/ubuntu/workspace/application/services/load_from_wiki.rb": [
        1,
        null,
        1,
        null,
        1,
        1,
        null,
        1,
        1,
        1,
        null,
        1,
        4,
        3,
        3,
        3,
        null,
        1,
        null,
        null,
        1,
        3,
        1,
        null,
        2,
        null,
        null,
        null,
        1,
        2,
        2,
        2,
        2,
        2,
        2,
        2,
        2,
        null,
        0,
        0,
        null,
        null,
        null
      ],
      "/home/ubuntu/workspace/application/services/find_database_paragraph.rb": [
        1,
        null,
        1,
        null,
        null,
        null,
        null,
        1,
        1,
        null,
        1,
        0,
        0,
        0,
        null,
        0,
        null,
        null,
        null,
        null
      ],
      "/home/ubuntu/workspace/application/representers/init.rb": [
        1,
        1,
        null,
        1,
        5,
        null
      ],
      "/home/ubuntu/workspace/application/representers/catalog_representer.rb": [
        null,
        1,
        1,
        1,
        null,
        1,
        null,
        null
      ],
      "/home/ubuntu/workspace/application/representers/http_response_representer.rb": [
        1,
        null,
        1,
        1,
        null,
        1,
        1,
        null,
        1,
        null,
        null,
        null,
        null,
        null,
        null,
        null,
        null,
        null,
        null,
        1,
        2,
        null,
        null,
        1,
        6,
        null,
        null,
        1,
        null,
        1,
        2,
        null,
        null,
        1,
        2,
        null,
        null,
        1,
        2,
        null,
        null,
        null
      ],
      "/home/ubuntu/workspace/application/representers/topic_representer.rb": [
        null,
        1,
        1,
        1,
        null,
        1,
        null,
        null
      ],
      "/home/ubuntu/workspace/application/representers/topic_catalog_representer.rb": [
        null,
        1,
        1,
        null,
        null,
        1,
        1,
        null,
        1,
        2,
        2,
        null,
        null,
        1,
        2,
        30,
        2,
        2,
        2,
        2,
        null,
        null,
        null,
        null
      ],
      "/home/ubuntu/workspace/application/app.rb": [
        1,
        1,
        null,
        1,
        null,
        1,
        1,
        1,
        1,
        null,
        1,
        4,
        null,
        4,
        0,
        null,
        null,
        4,
        null,
        4,
        null,
        4,
        null,
        4,
        0,
        0,
        0,
        0,
        0,
        null,
        0,
        null,
        null,
        null,
        4,
        4,
        null,
        null,
        null,
        null,
        4,
        4,
        4,
        2,
        2,
        null,
        2,
        null,
        null,
        null,
        null,
        null,
        null,
        null,
        null
      ],
      "/home/ubuntu/workspace/config/environment.rb": [
        1,
        1,
        null,
        1,
        null,
        1,
        1,
        null,
        1,
        1,
        1,
        null,
        1,
        0,
        0,
        null,
        null,
        null,
        1,
        1,
        null,
        null,
        1,
        1,
        1,
        null,
        1,
        14,
        null,
        null,
        null,
        null,
        null,
        null
      ],
      "/home/ubuntu/workspace/infrastructure/init.rb": [
        1,
        1
      ],
      "/home/ubuntu/workspace/infrastructure/database/init.rb": [
        1
      ],
      "/home/ubuntu/workspace/infrastructure/database/orm/init.rb": [
        1,
        null,
        1,
        3,
        null
      ],
      "/home/ubuntu/workspace/infrastructure/database/orm/topic_orm.rb": [
        1,
        1,
        null,
        1,
        1,
        null,
        null,
        1,
        null,
        null,
        null,
        1,
        null,
        null,
        null
      ],
      "/home/ubuntu/workspace/infrastructure/database/orm/paragraph_orm.rb": [
        1,
        1,
        null,
        1,
        1,
        null,
        1,
        null,
        null,
        1,
        null,
        null,
        null
      ],
      "/home/ubuntu/workspace/infrastructure/database/orm/catalog_orm.rb": [
        1,
        1,
        null,
        1,
        1,
        null,
        null,
        null,
        1,
        null,
        null,
        null
      ],
      "/home/ubuntu/workspace/infrastructure/wikipedia/init.rb": [
        1
      ],
      "/home/ubuntu/workspace/infrastructure/wikipedia/wiki_api.rb": [
        1,
        null,
        1,
        null,
        1,
        1,
        1,
        1,
        1,
        null,
        null,
        1,
        1,
        null,
        null,
        null,
        null,
        null,
        1,
        16,
        null,
        null,
        1,
        20,
        18,
        14,
        14,
        14,
        14,
        12,
        12,
        null,
        14,
        12,
        null,
        null,
        1,
        16,
        null,
        null,
        1,
        16,
        null,
        null,
        null,
        1,
        16,
        16,
        null,
        null,
        1,
        16,
        null,
        null,
        1,
        16,
        null,
        null,
        null,
        16,
        null,
        null,
        null,
        null
      ],
      "/home/ubuntu/workspace/domain/init.rb": [
        null,
        1,
        1,
        4,
        null
      ],
      "/home/ubuntu/workspace/domain/entities/init.rb": [
        1,
        null,
        1,
        1,
        null,
        1,
        1,
        null,
        null,
        null,
        null,
        1,
        5,
        null
      ],
      "/home/ubuntu/workspace/domain/entities/topic.rb": [
        1,
        null,
        1,
        1,
        null,
        1,
        1,
        1,
        null,
        null,
        null
      ],
      "/home/ubuntu/workspace/domain/entities/summarize.rb": [
        1,
        null,
        1,
        null,
        1,
        null,
        1,
        null,
        1,
        0,
        null,
        null,
        1,
        0,
        0,
        0,
        0,
        0,
        0,
        0,
        0,
        0,
        null,
        0,
        null,
        null,
        null,
        0,
        null,
        null,
        1,
        1,
        0,
        0,
        null,
        null,
        1,
        0,
        0,
        0,
        null,
        null,
        1,
        0,
        0,
        0,
        0,
        0,
        0,
        null,
        0,
        null,
        null,
        1,
        0,
        null,
        null,
        1,
        0,
        0,
        0,
        null,
        0,
        null,
        null,
        null,
        null
      ],
      "/home/ubuntu/workspace/domain/entities/catalog.rb": [
        1,
        null,
        1,
        1,
        null,
        1,
        1,
        1,
        null,
        null,
        null
      ],
      "/home/ubuntu/workspace/domain/entities/paragraph.rb": [
        1,
        null,
        1,
        1,
        null,
        1,
        1,
        1,
        1,
        null,
        null,
        null
      ],
      "/home/ubuntu/workspace/domain/database_repositories/init.rb": [
        1,
        5,
        null
      ],
      "/home/ubuntu/workspace/domain/database_repositories/topic.rb": [
        1,
        null,
        1,
        null,
        1,
        null,
        1,
        0,
        null,
        null,
        1,
        3,
        3,
        null,
        null,
        1,
        2,
        null,
        null,
        2,
        null,
        null,
        1,
        5,
        null,
        3,
        null,
        null,
        null,
        null,
        null,
        null,
        null
      ],
      "/home/ubuntu/workspace/domain/database_repositories/catalog.rb": [
        1,
        null,
        1,
        null,
        1,
        null,
        null,
        1,
        0,
        null,
        null,
        1,
        0,
        0,
        null,
        0,
        null,
        null,
        null,
        1,
        2,
        null,
        2,
        28,
        28,
        28,
        null,
        null,
        30,
        null,
        null,
        1,
        28,
        null,
        28,
        null,
        null,
        null,
        null,
        null,
        null,
        null,
        null
      ],
      "/home/ubuntu/workspace/domain/database_repositories/paragraph.rb": [
        1,
        null,
        1,
        null,
        1,
        null,
        null,
        1,
        0,
        null,
        null,
        1,
        0,
        0,
        null,
        null,
        1,
        0,
        0,
        0,
        null,
        null,
        1,
        2,
        2,
        null,
        2,
        346,
        346,
        346,
        346,
        346,
        null,
        null,
        348,
        null,
        null,
        null,
        1,
        346,
        null,
        346,
        null,
        null,
        null,
        null,
        null,
        null,
        null,
        null,
        null,
        null
      ],
      "/home/ubuntu/workspace/domain/database_repositories/for.rb": [
        1,
        1,
        null,
        null,
        null,
        null,
        null,
        null
      ],
      "/home/ubuntu/workspace/domain/values/init.rb": [
        1
      ],
      "/home/ubuntu/workspace/domain/values/value.rb": [
        1,
        1,
        null
      ],
      "/home/ubuntu/workspace/domain/wikipedia_mappers/init.rb": [
        1,
        null,
        1,
        4,
        null
      ],
      "/home/ubuntu/workspace/domain/wikipedia_mappers/catalog_mapper.rb": [
        1,
        null,
        1,
        null,
        1,
        null,
        1,
        4,
        null,
        null,
        1,
        4,
        4,
        4,
        4,
        null,
        null,
        1,
        4,
        null,
        null,
        1,
        null,
        1,
        5,
        null,
        null,
        1,
        5,
        5,
        5,
        null,
        null,
        null,
        null,
        null,
        5,
        70,
        65,
        null,
        null,
        null,
        65,
        null,
        5,
        null,
        null,
        1,
        1,
        5,
        5,
        5,
        null,
        null,
        null,
        null,
        null,
        null
      ],
      "/home/ubuntu/workspace/domain/wikipedia_mappers/topic_mapper.rb": [
        1,
        null,
        1,
        null,
        1,
        null,
        1,
        8,
        null,
        null,
        1,
        8,
        4,
        4,
        4,
        null,
        null,
        1,
        4,
        null,
        null,
        1,
        null,
        1,
        5,
        null,
        null,
        1,
        null,
        5,
        null,
        null,
        null,
        null,
        null,
        null,
        null,
        null,
        null
      ],
      "/home/ubuntu/workspace/domain/wikipedia_mappers/paragraph_mapper.rb": [
        1,
        null,
        1,
        null,
        1,
        null,
        1,
        4,
        null,
        null,
        1,
        4,
        4,
        4,
        4,
        null,
        null,
        1,
        4,
        null,
        null,
        1,
        null,
        1,
        5,
        null,
        null,
        1,
        5,
        5,
        5,
        70,
        865,
        null,
        null,
        null,
        null,
        865,
        null,
        null,
        5,
        null,
        null,
        1,
        1,
        5,
        5,
        5,
        null,
        null,
        1,
        5,
        5,
        5,
        5,
        70,
        65,
        null,
        5,
        null,
        null,
        1,
        5,
        5,
        5,
        5,
        5,
        1895,
        1890,
        865,
        1025,
        65,
        null,
        null,
        5,
        null,
        null,
        null,
        null,
        null,
        null
      ],
      "/home/ubuntu/workspace/spec/wiki_spec.rb": [
        1,
        null,
        1,
        1,
        1,
        1,
        1,
        1,
        1,
        null,
        1,
        3,
        null,
        null,
        1,
        3,
        null,
        null,
        1,
        1,
        1,
        1,
        1,
        1,
        1,
        1,
        1,
        1,
        null,
        null,
        null,
        1,
        1,
        1,
        1,
        1,
        null,
        1,
        1,
        null,
        null,
        null,
        1,
        1,
        1,
        1,
        1,
        null,
        1,
        1,
        1,
        null,
        1,
        1,
        1,
        null,
        null,
        null,
        null,
        null,
        null
      ]
    },
    "timestamp": 1510891649
  }
}
